This is pdfTeX, Version 3.14159265-2.6-1.40.19 (TeX Live 2018) (preloaded format=pdflatex 2019.4.22)  16 JUN 2019 16:15
entering extended mode
 \write18 enabled.
 file:line:error style messages enabled.
 %&-line parsing enabled.
**main.tex
(./main.tex
LaTeX2e <2018-04-01> patch level 2
Babel <3.18> and hyphenation patterns for 84 language(s) loaded.
(/usr/local/texlive/2018/texmf-dist/tex/latex/base/report.cls
Document Class: report 2014/09/29 v1.4h Standard LaTeX document class
(/usr/local/texlive/2018/texmf-dist/tex/latex/base/size12.clo
File: size12.clo 2014/09/29 v1.4h Standard LaTeX file (size option)
)
\c@part=\count80
\c@chapter=\count81
\c@section=\count82
\c@subsection=\count83
\c@subsubsection=\count84
\c@paragraph=\count85
\c@subparagraph=\count86
\c@figure=\count87
\c@table=\count88
\abovecaptionskip=\skip41
\belowcaptionskip=\skip42
\bibindent=\dimen102
) (/usr/local/texlive/2018/texmf-dist/tex/latex/base/inputenc.sty
Package: inputenc 2018/04/06 v1.3b Input encoding file
\inpenc@prehook=\toks14
\inpenc@posthook=\toks15
) (/usr/local/texlive/2018/texmf-dist/tex/latex/base/fontenc.sty
Package: fontenc 2017/04/05 v2.0i Standard LaTeX package
 (/usr/local/texlive/2018/texmf-dist/tex/latex/base/t1enc.def
File: t1enc.def 2017/04/05 v2.0i Standard LaTeX file
LaTeX Font Info:    Redeclaring font encoding T1 on input line 48.
)) (/usr/local/texlive/2018/texmf-dist/tex/generic/babel/babel.sty
Package: babel 2018/02/14 3.18 The Babel package
 (/usr/local/texlive/2018/texmf-dist/tex/generic/babel/switch.def
File: switch.def 2018/02/14 3.18 Babel switching mechanism
) (/usr/local/texlive/2018/texmf-dist/tex/generic/babel-english/english.ldf
Language: english 2017/06/06 v3.3r English support from the babel system
 (/usr/local/texlive/2018/texmf-dist/tex/generic/babel/babel.def
File: babel.def 2018/02/14 3.18 Babel common definitions
\babel@savecnt=\count89
\U@D=\dimen103
 (/usr/local/texlive/2018/texmf-dist/tex/generic/babel/txtbabel.def)
\bbl@dirlevel=\count90
)
\l@canadian = a dialect from \language\l@american 
\l@australian = a dialect from \language\l@british 
\l@newzealand = a dialect from \language\l@british 
)) (/usr/local/texlive/2018/texmf-dist/tex/latex/titlepic/titlepic.sty
Package: titlepic 2017/03/14 1.2 Package to display a picture on the title page
) (/usr/local/texlive/2018/texmf-dist/tex/latex/graphics/graphicx.sty
Package: graphicx 2017/06/01 v1.1a Enhanced LaTeX Graphics (DPC,SPQR)
 (/usr/local/texlive/2018/texmf-dist/tex/latex/graphics/keyval.sty
Package: keyval 2014/10/28 v1.15 key=value parser (DPC)
\KV@toks@=\toks16
) (/usr/local/texlive/2018/texmf-dist/tex/latex/graphics/graphics.sty
Package: graphics 2017/06/25 v1.2c Standard LaTeX Graphics (DPC,SPQR)
 (/usr/local/texlive/2018/texmf-dist/tex/latex/graphics/trig.sty
Package: trig 2016/01/03 v1.10 sin cos tan (DPC)
) (/usr/local/texlive/2018/texmf-dist/tex/latex/graphics-cfg/graphics.cfg
File: graphics.cfg 2016/06/04 v1.11 sample graphics configuration
)
Package graphics Info: Driver file: pdftex.def on input line 99.
 (/usr/local/texlive/2018/texmf-dist/tex/latex/graphics-def/pdftex.def
File: pdftex.def 2018/01/08 v1.0l Graphics/color driver for pdftex
))
\Gin@req@height=\dimen104
\Gin@req@width=\dimen105
) (/usr/local/texlive/2018/texmf-dist/tex/latex/moresize/moresize.sty
Package: moresize 1999/07/26 v1.9 (more font sizes)
) (/usr/local/texlive/2018/texmf-dist/tex/latex/eso-pic/eso-pic.sty
Package: eso-pic 2015/07/21 v2.0g eso-pic (RN)
 (/usr/local/texlive/2018/texmf-dist/tex/generic/oberdiek/atbegshi.sty
Package: atbegshi 2016/06/09 v1.18 At begin shipout hook (HO)
 (/usr/local/texlive/2018/texmf-dist/tex/generic/oberdiek/infwarerr.sty
Package: infwarerr 2016/05/16 v1.4 Providing info/warning/error messages (HO)
) (/usr/local/texlive/2018/texmf-dist/tex/generic/oberdiek/ltxcmds.sty
Package: ltxcmds 2016/05/16 v1.23 LaTeX kernel commands for general use (HO)
) (/usr/local/texlive/2018/texmf-dist/tex/generic/oberdiek/ifpdf.sty
Package: ifpdf 2017/03/15 v3.2 Provides the ifpdf switch
)) (/usr/local/texlive/2018/texmf-dist/tex/latex/xcolor/xcolor.sty
Package: xcolor 2016/05/11 v2.12 LaTeX color extensions (UK)
 (/usr/local/texlive/2018/texmf-dist/tex/latex/graphics-cfg/color.cfg
File: color.cfg 2016/01/02 v1.6 sample color configuration
)
Package xcolor Info: Driver file: pdftex.def on input line 225.
Package xcolor Info: Model `cmy' substituted by `cmy0' on input line 1348.
Package xcolor Info: Model `hsb' substituted by `rgb' on input line 1352.
Package xcolor Info: Model `RGB' extended on input line 1364.
Package xcolor Info: Model `HTML' substituted by `rgb' on input line 1366.
Package xcolor Info: Model `Hsb' substituted by `hsb' on input line 1367.
Package xcolor Info: Model `tHsb' substituted by `hsb' on input line 1368.
Package xcolor Info: Model `HSB' substituted by `hsb' on input line 1369.
Package xcolor Info: Model `Gray' substituted by `gray' on input line 1370.
Package xcolor Info: Model `wave' substituted by `hsb' on input line 1371.
)) (/usr/local/texlive/2018/texmf-dist/tex/latex/adjustbox/adjustbox.sty
Package: adjustbox 2018/04/08 v1.1 Adjusting TeX boxes (trim, clip, ...)
 (/usr/local/texlive/2018/texmf-dist/tex/latex/xkeyval/xkeyval.sty
Package: xkeyval 2014/12/03 v2.7a package option processing (HA)
 (/usr/local/texlive/2018/texmf-dist/tex/generic/xkeyval/xkeyval.tex (/usr/local/texlive/2018/texmf-dist/tex/generic/xkeyval/xkvutils.tex
\XKV@toks=\toks17
\XKV@tempa@toks=\toks18
)
\XKV@depth=\count91
File: xkeyval.tex 2014/12/03 v2.7a key=value parser (HA)
)) (/usr/local/texlive/2018/texmf-dist/tex/latex/adjustbox/adjcalc.sty
Package: adjcalc 2012/05/16 v1.1 Provides advanced setlength with multiple back-ends (calc, etex, pgfmath)
) (/usr/local/texlive/2018/texmf-dist/tex/latex/adjustbox/trimclip.sty
Package: trimclip 2018/04/08 v1.1 Trim and clip general TeX material

(/usr/local/texlive/2018/texmf-dist/tex/latex/collectbox/collectbox.sty
Package: collectbox 2012/05/17 v0.4b Collect macro arguments as boxes
\collectedbox=\box26
)
\tc@llx=\dimen106
\tc@lly=\dimen107
\tc@urx=\dimen108
\tc@ury=\dimen109
Package trimclip Info: Using driver 'tc-pdftex.def'.
 (/usr/local/texlive/2018/texmf-dist/tex/latex/adjustbox/tc-pdftex.def
File: tc-pdftex.def 2018/04/08 v2.1 Clipping driver for pdftex
))
\adjbox@Width=\dimen110
\adjbox@Height=\dimen111
\adjbox@Depth=\dimen112
\adjbox@Totalheight=\dimen113
\adjbox@pwidth=\dimen114
\adjbox@pheight=\dimen115
\adjbox@pdepth=\dimen116
\adjbox@ptotalheight=\dimen117
 (/usr/local/texlive/2018/texmf-dist/tex/latex/ifoddpage/ifoddpage.sty
Package: ifoddpage 2016/04/23 v1.1 Conditionals for odd/even page detection
\c@checkoddpage=\count92
) (/usr/local/texlive/2018/texmf-dist/tex/latex/varwidth/varwidth.sty
Package: varwidth 2009/03/30 ver 0.92;  Variable-width minipages
\@vwid@box=\box27
\sift@deathcycles=\count93
\@vwid@loff=\dimen118
\@vwid@roff=\dimen119
)) (/usr/local/texlive/2018/texmf-dist/tex/latex/fancyhdr/fancyhdr.sty
Package: fancyhdr 2017/06/30 v3.9a Extensive control of page headers and footers
\f@nch@headwidth=\skip43
\f@nch@O@elh=\skip44
\f@nch@O@erh=\skip45
\f@nch@O@olh=\skip46
\f@nch@O@orh=\skip47
\f@nch@O@elf=\skip48
\f@nch@O@erf=\skip49
\f@nch@O@olf=\skip50
\f@nch@O@orf=\skip51
) (/usr/local/texlive/2018/texmf-dist/tex/latex/vmargin/vmargin.sty
Package: vmargin 2004/07/15 V2.5 set document margins (VK)

Package: vmargin 2004/07/15 V2.5 set document margins (VK)
\PaperWidth=\dimen120
\PaperHeight=\dimen121
) (/usr/local/texlive/2018/texmf-dist/tex/latex/titlesec/titlesec.sty
Package: titlesec 2016/03/21 v2.10.2 Sectioning titles
\ttl@box=\box28
\beforetitleunit=\skip52
\aftertitleunit=\skip53
\ttl@plus=\dimen122
\ttl@minus=\dimen123
\ttl@toksa=\toks19
\titlewidth=\dimen124
\titlewidthlast=\dimen125
\titlewidthfirst=\dimen126
) (/usr/local/texlive/2018/texmf-dist/tex/latex/textpos/textpos.sty
Package: textpos 2016/06/07 v1.8

Package: textpos 2016/06/07 1.8, absolute positioning of text on the page
\TP@textbox=\box29
\TPHorizModule=\dimen127
\TPVertModule=\dimen128
\TP@margin=\dimen129
\TP@absmargin=\dimen130
Grid set 16 x 16 = 37.38425pt x 52.86877pt
\TPboxrulesize=\dimen131
\TP@tbargs=\toks20
\TP@prevdepth=\dimen132
) (/usr/local/texlive/2018/texmf-dist/tex/latex/minted/minted.sty
Package: minted 2017/07/19 v2.5 Yet another Pygments shim for LaTeX
 (/usr/local/texlive/2018/texmf-dist/tex/latex/oberdiek/kvoptions.sty
Package: kvoptions 2016/05/16 v3.12 Key value format for package options (HO)
 (/usr/local/texlive/2018/texmf-dist/tex/generic/oberdiek/kvsetkeys.sty
Package: kvsetkeys 2016/05/16 v1.17 Key value parser (HO)
 (/usr/local/texlive/2018/texmf-dist/tex/generic/oberdiek/etexcmds.sty
Package: etexcmds 2016/05/16 v1.6 Avoid name clashes with e-TeX commands (HO)
 (/usr/local/texlive/2018/texmf-dist/tex/generic/oberdiek/ifluatex.sty
Package: ifluatex 2016/05/16 v1.4 Provides the ifluatex switch (HO)
Package ifluatex Info: LuaTeX not detected.
)
Package etexcmds Info: Could not find \expanded.
(etexcmds)             That can mean that you are not using pdfTeX 1.50 or
(etexcmds)             that some package has redefined \expanded.
(etexcmds)             In the latter case, load this package earlier.
))) (/usr/local/texlive/2018/texmf-dist/tex/latex/fvextra/fvextra.sty
Package: fvextra 2017/07/08 v1.3.1 fvextra - extensions and patches for fancyvrb
 (/usr/local/texlive/2018/texmf-dist/tex/latex/base/ifthen.sty
Package: ifthen 2014/09/29 v1.1c Standard LaTeX ifthen package (DPC)
) (/usr/local/texlive/2018/texmf-dist/tex/latex/etoolbox/etoolbox.sty
Package: etoolbox 2018/02/11 v2.5e e-TeX tools for LaTeX (JAW)
\etb@tempcnta=\count94
) (/usr/local/texlive/2018/texmf-dist/tex/latex/fancyvrb/fancyvrb.sty
Package: fancyvrb 2008/02/07
 Style option: `fancyvrb' v2.7a, with DG/SPQR fixes, and firstline=lastline fix <2008/02/07> (tvz)
\FV@CodeLineNo=\count95
\FV@InFile=\read1
\FV@TabBox=\box30
\c@FancyVerbLine=\count96
\FV@StepNumber=\count97
\FV@OutFile=\write3
) (/usr/local/texlive/2018/texmf-dist/tex/latex/upquote/upquote.sty
Package: upquote 2012/04/19 v1.3 upright-quote and grave-accent glyphs in verbatim
 (/usr/local/texlive/2018/texmf-dist/tex/latex/base/textcomp.sty
Package: textcomp 2017/04/05 v2.0i Standard LaTeX package
Package textcomp Info: Sub-encoding information:
(textcomp)               5 = only ISO-Adobe without \textcurrency
(textcomp)               4 = 5 + \texteuro
(textcomp)               3 = 4 + \textohm
(textcomp)               2 = 3 + \textestimated + \textcurrency
(textcomp)               1 = TS1 - \textcircled - \t
(textcomp)               0 = TS1 (full)
(textcomp)             Font families with sub-encoding setting implement
(textcomp)             only a restricted character set as indicated.
(textcomp)             Family '?' is the default used for unknown fonts.
(textcomp)             See the documentation for details.
Package textcomp Info: Setting ? sub-encoding to TS1/1 on input line 79.
 (/usr/local/texlive/2018/texmf-dist/tex/latex/base/ts1enc.def
File: ts1enc.def 2001/06/05 v3.0e (jk/car/fm) Standard LaTeX file
Now handling font encoding TS1 ...
... processing UTF-8 mapping file for font encoding TS1
 (/usr/local/texlive/2018/texmf-dist/tex/latex/base/ts1enc.dfu
File: ts1enc.dfu 2018/04/05 v1.2c UTF-8 support for inputenc
   defining Unicode char U+00A2 (decimal 162)
   defining Unicode char U+00A3 (decimal 163)
   defining Unicode char U+00A4 (decimal 164)
   defining Unicode char U+00A5 (decimal 165)
   defining Unicode char U+00A6 (decimal 166)
   defining Unicode char U+00A7 (decimal 167)
   defining Unicode char U+00A8 (decimal 168)
   defining Unicode char U+00A9 (decimal 169)
   defining Unicode char U+00AA (decimal 170)
   defining Unicode char U+00AC (decimal 172)
   defining Unicode char U+00AE (decimal 174)
   defining Unicode char U+00AF (decimal 175)
   defining Unicode char U+00B0 (decimal 176)
   defining Unicode char U+00B1 (decimal 177)
   defining Unicode char U+00B2 (decimal 178)
   defining Unicode char U+00B3 (decimal 179)
   defining Unicode char U+00B4 (decimal 180)
   defining Unicode char U+00B5 (decimal 181)
   defining Unicode char U+00B6 (decimal 182)
   defining Unicode char U+00B7 (decimal 183)
   defining Unicode char U+00B9 (decimal 185)
   defining Unicode char U+00BA (decimal 186)
   defining Unicode char U+00BC (decimal 188)
   defining Unicode char U+00BD (decimal 189)
   defining Unicode char U+00BE (decimal 190)
   defining Unicode char U+00D7 (decimal 215)
   defining Unicode char U+00F7 (decimal 247)
   defining Unicode char U+0192 (decimal 402)
   defining Unicode char U+02C7 (decimal 711)
   defining Unicode char U+02D8 (decimal 728)
   defining Unicode char U+02DD (decimal 733)
   defining Unicode char U+0E3F (decimal 3647)
   defining Unicode char U+2016 (decimal 8214)
   defining Unicode char U+2020 (decimal 8224)
   defining Unicode char U+2021 (decimal 8225)
   defining Unicode char U+2022 (decimal 8226)
   defining Unicode char U+2030 (decimal 8240)
   defining Unicode char U+2031 (decimal 8241)
   defining Unicode char U+203B (decimal 8251)
   defining Unicode char U+203D (decimal 8253)
   defining Unicode char U+2044 (decimal 8260)
   defining Unicode char U+204E (decimal 8270)
   defining Unicode char U+2052 (decimal 8274)
   defining Unicode char U+20A1 (decimal 8353)
   defining Unicode char U+20A4 (decimal 8356)
   defining Unicode char U+20A6 (decimal 8358)
   defining Unicode char U+20A9 (decimal 8361)
   defining Unicode char U+20AB (decimal 8363)
   defining Unicode char U+20AC (decimal 8364)
   defining Unicode char U+20B1 (decimal 8369)
   defining Unicode char U+2103 (decimal 8451)
   defining Unicode char U+2116 (decimal 8470)
   defining Unicode char U+2117 (decimal 8471)
   defining Unicode char U+211E (decimal 8478)
   defining Unicode char U+2120 (decimal 8480)
   defining Unicode char U+2122 (decimal 8482)
   defining Unicode char U+2126 (decimal 8486)
   defining Unicode char U+2127 (decimal 8487)
   defining Unicode char U+212E (decimal 8494)
   defining Unicode char U+2190 (decimal 8592)
   defining Unicode char U+2191 (decimal 8593)
   defining Unicode char U+2192 (decimal 8594)
   defining Unicode char U+2193 (decimal 8595)
   defining Unicode char U+2329 (decimal 9001)
   defining Unicode char U+232A (decimal 9002)
   defining Unicode char U+2422 (decimal 9250)
   defining Unicode char U+25E6 (decimal 9702)
   defining Unicode char U+25EF (decimal 9711)
   defining Unicode char U+266A (decimal 9834)
   defining Unicode char U+FEFF (decimal 65279)
))
LaTeX Info: Redefining \oldstylenums on input line 334.
Package textcomp Info: Setting cmr sub-encoding to TS1/0 on input line 349.
Package textcomp Info: Setting cmss sub-encoding to TS1/0 on input line 350.
Package textcomp Info: Setting cmtt sub-encoding to TS1/0 on input line 351.
Package textcomp Info: Setting cmvtt sub-encoding to TS1/0 on input line 352.
Package textcomp Info: Setting cmbr sub-encoding to TS1/0 on input line 353.
Package textcomp Info: Setting cmtl sub-encoding to TS1/0 on input line 354.
Package textcomp Info: Setting ccr sub-encoding to TS1/0 on input line 355.
Package textcomp Info: Setting ptm sub-encoding to TS1/4 on input line 356.
Package textcomp Info: Setting pcr sub-encoding to TS1/4 on input line 357.
Package textcomp Info: Setting phv sub-encoding to TS1/4 on input line 358.
Package textcomp Info: Setting ppl sub-encoding to TS1/3 on input line 359.
Package textcomp Info: Setting pag sub-encoding to TS1/4 on input line 360.
Package textcomp Info: Setting pbk sub-encoding to TS1/4 on input line 361.
Package textcomp Info: Setting pnc sub-encoding to TS1/4 on input line 362.
Package textcomp Info: Setting pzc sub-encoding to TS1/4 on input line 363.
Package textcomp Info: Setting bch sub-encoding to TS1/4 on input line 364.
Package textcomp Info: Setting put sub-encoding to TS1/5 on input line 365.
Package textcomp Info: Setting uag sub-encoding to TS1/5 on input line 366.
Package textcomp Info: Setting ugq sub-encoding to TS1/5 on input line 367.
Package textcomp Info: Setting ul8 sub-encoding to TS1/4 on input line 368.
Package textcomp Info: Setting ul9 sub-encoding to TS1/4 on input line 369.
Package textcomp Info: Setting augie sub-encoding to TS1/5 on input line 370.
Package textcomp Info: Setting dayrom sub-encoding to TS1/3 on input line 371.
Package textcomp Info: Setting dayroms sub-encoding to TS1/3 on input line 372.
Package textcomp Info: Setting pxr sub-encoding to TS1/0 on input line 373.
Package textcomp Info: Setting pxss sub-encoding to TS1/0 on input line 374.
Package textcomp Info: Setting pxtt sub-encoding to TS1/0 on input line 375.
Package textcomp Info: Setting txr sub-encoding to TS1/0 on input line 376.
Package textcomp Info: Setting txss sub-encoding to TS1/0 on input line 377.
Package textcomp Info: Setting txtt sub-encoding to TS1/0 on input line 378.
Package textcomp Info: Setting lmr sub-encoding to TS1/0 on input line 379.
Package textcomp Info: Setting lmdh sub-encoding to TS1/0 on input line 380.
Package textcomp Info: Setting lmss sub-encoding to TS1/0 on input line 381.
Package textcomp Info: Setting lmssq sub-encoding to TS1/0 on input line 382.
Package textcomp Info: Setting lmvtt sub-encoding to TS1/0 on input line 383.
Package textcomp Info: Setting lmtt sub-encoding to TS1/0 on input line 384.
Package textcomp Info: Setting qhv sub-encoding to TS1/0 on input line 385.
Package textcomp Info: Setting qag sub-encoding to TS1/0 on input line 386.
Package textcomp Info: Setting qbk sub-encoding to TS1/0 on input line 387.
Package textcomp Info: Setting qcr sub-encoding to TS1/0 on input line 388.
Package textcomp Info: Setting qcs sub-encoding to TS1/0 on input line 389.
Package textcomp Info: Setting qpl sub-encoding to TS1/0 on input line 390.
Package textcomp Info: Setting qtm sub-encoding to TS1/0 on input line 391.
Package textcomp Info: Setting qzc sub-encoding to TS1/0 on input line 392.
Package textcomp Info: Setting qhvc sub-encoding to TS1/0 on input line 393.
Package textcomp Info: Setting futs sub-encoding to TS1/4 on input line 394.
Package textcomp Info: Setting futx sub-encoding to TS1/4 on input line 395.
Package textcomp Info: Setting futj sub-encoding to TS1/4 on input line 396.
Package textcomp Info: Setting hlh sub-encoding to TS1/3 on input line 397.
Package textcomp Info: Setting hls sub-encoding to TS1/3 on input line 398.
Package textcomp Info: Setting hlst sub-encoding to TS1/3 on input line 399.
Package textcomp Info: Setting hlct sub-encoding to TS1/5 on input line 400.
Package textcomp Info: Setting hlx sub-encoding to TS1/5 on input line 401.
Package textcomp Info: Setting hlce sub-encoding to TS1/5 on input line 402.
Package textcomp Info: Setting hlcn sub-encoding to TS1/5 on input line 403.
Package textcomp Info: Setting hlcw sub-encoding to TS1/5 on input line 404.
Package textcomp Info: Setting hlcf sub-encoding to TS1/5 on input line 405.
Package textcomp Info: Setting pplx sub-encoding to TS1/3 on input line 406.
Package textcomp Info: Setting pplj sub-encoding to TS1/3 on input line 407.
Package textcomp Info: Setting ptmx sub-encoding to TS1/4 on input line 408.
Package textcomp Info: Setting ptmj sub-encoding to TS1/4 on input line 409.
)) (/usr/local/texlive/2018/texmf-dist/tex/latex/lineno/lineno.sty
Package: lineno 2005/11/02 line numbers on paragraphs v4.41
\linenopenalty=\count98
\output=\toks21
\linenoprevgraf=\count99
\linenumbersep=\dimen133
\linenumberwidth=\dimen134
\c@linenumber=\count100
\c@pagewiselinenumber=\count101
\c@LN@truepage=\count102
\c@internallinenumber=\count103
\c@internallinenumbers=\count104
\quotelinenumbersep=\dimen135
\bframerule=\dimen136
\bframesep=\dimen137
\bframebox=\box31
LaTeX Info: Redefining \\ on input line 3056.
)
\c@FV@TrueTabGroupLevel=\count105
\c@FV@TrueTabCounter=\count106
\FV@TabBox@Group=\box32
\FV@TmpLength=\skip54
\c@FV@HighlightLinesStart=\count107
\c@FV@HighlightLinesStop=\count108
\FV@LoopCount=\count109
\FV@NCharsBox=\box33
\FV@BreakIndent=\dimen138
\FV@BreakIndentNChars=\count110
\FV@BreakSymbolSepLeft=\dimen139
\FV@BreakSymbolSepLeftNChars=\count111
\FV@BreakSymbolSepRight=\dimen140
\FV@BreakSymbolSepRightNChars=\count112
\FV@BreakSymbolIndentLeft=\dimen141
\FV@BreakSymbolIndentLeftNChars=\count113
\FV@BreakSymbolIndentRight=\dimen142
\FV@BreakSymbolIndentRightNChars=\count114
\c@FancyVerbLineBreakLast=\count115
\FV@LineBox=\box34
\FV@LineIndentBox=\box35
) (/usr/local/texlive/2018/texmf-dist/tex/latex/tools/calc.sty
Package: calc 2017/05/25 v4.3 Infix arithmetic (KKT,FJ)
\calc@Acount=\count116
\calc@Bcount=\count117
\calc@Adimen=\dimen143
\calc@Bdimen=\dimen144
\calc@Askip=\skip55
\calc@Bskip=\skip56
LaTeX Info: Redefining \setlength on input line 80.
LaTeX Info: Redefining \addtolength on input line 81.
\calc@Ccount=\count118
\calc@Cskip=\skip57
) (/usr/local/texlive/2018/texmf-dist/tex/latex/tools/shellesc.sty
Package: shellesc 2016/06/07 v0.02a unified shell escape interface for LaTeX
Package shellesc Info: Unrestricted shell escape enabled on input line 67.
) (/usr/local/texlive/2018/texmf-dist/tex/latex/ifplatform/ifplatform.sty
Package: ifplatform 2017/10/13 v0.4a Testing for the operating system
 (/usr/local/texlive/2018/texmf-dist/tex/generic/oberdiek/pdftexcmds.sty
Package: pdftexcmds 2018/01/30 v0.27 Utility functions of pdfTeX for LuaTeX (HO)
Package pdftexcmds Info: LuaTeX not detected.
Package pdftexcmds Info: \pdf@primitive is available.
Package pdftexcmds Info: \pdf@ifprimitive is available.
Package pdftexcmds Info: \pdfdraftmode found.
) (/usr/local/texlive/2018/texmf-dist/tex/generic/oberdiek/catchfile.sty
Package: catchfile 2016/05/16 v1.7 Catch the contents of a file (HO)
)
runsystem(uname -s > "main.w18")...executed.

 (./main.w18)
runsystem(rm -- "main.w18")...executed.

) (/usr/local/texlive/2018/texmf-dist/tex/generic/xstring/xstring.sty (/usr/local/texlive/2018/texmf-dist/tex/generic/xstring/xstring.tex
\@xs@message=\write4
\integerpart=\count119
\decimalpart=\count120
)
Package: xstring 2013/10/13  v1.7c  String manipulations (C Tellechea)
) (/usr/local/texlive/2018/texmf-dist/tex/latex/framed/framed.sty
Package: framed 2011/10/22 v 0.96: framed or shaded text with page breaks
\OuterFrameSep=\skip58
\fb@frw=\dimen145
\fb@frh=\dimen146
\FrameRule=\dimen147
\FrameSep=\dimen148
) (/usr/local/texlive/2018/texmf-dist/tex/latex/float/float.sty
Package: float 2001/11/08 v1.3d Float enhancements (AL)
\c@float@type=\count121
\float@exts=\toks22
\float@box=\box36
\@float@everytoks=\toks23
\@floatcapt=\box37
)
\minted@appexistsfile=\read2
\minted@bgbox=\box38
\minted@code=\write5
\c@minted@FancyVerbLineTemp=\count122
\c@minted@pygmentizecounter=\count123
\@float@every@listing=\toks24
\c@listing=\count124
)
runsystem(mkdir -p .texpadtmp/_minted-main)...executed.

 (/usr/local/texlive/2018/texmf-dist/tex/latex/hyperref/hyperref.sty
Package: hyperref 2018/02/06 v6.86b Hypertext links for LaTeX
 (/usr/local/texlive/2018/texmf-dist/tex/generic/oberdiek/hobsub-hyperref.sty
Package: hobsub-hyperref 2016/05/16 v1.14 Bundle oberdiek, subset hyperref (HO)
 (/usr/local/texlive/2018/texmf-dist/tex/generic/oberdiek/hobsub-generic.sty
Package: hobsub-generic 2016/05/16 v1.14 Bundle oberdiek, subset generic (HO)
Package: hobsub 2016/05/16 v1.14 Construct package bundles (HO)
Package hobsub Info: Skipping package `infwarerr' (already loaded).
Package hobsub Info: Skipping package `ltxcmds' (already loaded).
Package hobsub Info: Skipping package `ifluatex' (already loaded).
Package: ifvtex 2016/05/16 v1.6 Detect VTeX and its facilities (HO)
Package ifvtex Info: VTeX not detected.
Package: intcalc 2016/05/16 v1.2 Expandable calculations with integers (HO)
Package hobsub Info: Skipping package `ifpdf' (already loaded).
Package hobsub Info: Skipping package `etexcmds' (already loaded).
Package hobsub Info: Skipping package `kvsetkeys' (already loaded).
Package: kvdefinekeys 2016/05/16 v1.4 Define keys (HO)
Package hobsub Info: Skipping package `pdftexcmds' (already loaded).
Package: pdfescape 2016/05/16 v1.14 Implements pdfTeX's escape features (HO)
Package: bigintcalc 2016/05/16 v1.4 Expandable calculations on big integers (HO)
Package: bitset 2016/05/16 v1.2 Handle bit-vector datatype (HO)
Package: uniquecounter 2016/05/16 v1.3 Provide unlimited unique counter (HO)
)
Package hobsub Info: Skipping package `hobsub' (already loaded).
Package: letltxmacro 2016/05/16 v1.5 Let assignment for LaTeX macros (HO)
Package: hopatch 2016/05/16 v1.3 Wrapper for package hooks (HO)
Package: xcolor-patch 2016/05/16 xcolor patch
Package: atveryend 2016/05/16 v1.9 Hooks at the very end of document (HO)
Package hobsub Info: Skipping package `atbegshi' (already loaded).
Package: refcount 2016/05/16 v3.5 Data extraction from label references (HO)
Package: hycolor 2016/05/16 v1.8 Color options for hyperref/bookmark (HO)
) (/usr/local/texlive/2018/texmf-dist/tex/generic/ifxetex/ifxetex.sty
Package: ifxetex 2010/09/12 v0.6 Provides ifxetex conditional
) (/usr/local/texlive/2018/texmf-dist/tex/latex/oberdiek/auxhook.sty
Package: auxhook 2016/05/16 v1.4 Hooks for auxiliary files (HO)
)
\@linkdim=\dimen149
\Hy@linkcounter=\count125
\Hy@pagecounter=\count126

(/usr/local/texlive/2018/texmf-dist/tex/latex/hyperref/pd1enc.def
File: pd1enc.def 2018/02/06 v6.86b Hyperref: PDFDocEncoding definition (HO)
Now handling font encoding PD1 ...
... no UTF-8 mapping file for font encoding PD1
)
\Hy@SavedSpaceFactor=\count127
 (/usr/local/texlive/2018/texmf-dist/tex/latex/latexconfig/hyperref.cfg
File: hyperref.cfg 2002/06/06 v1.2 hyperref configuration of TeXLive
)
Package hyperref Info: Option `breaklinks' set `true' on input line 4383.
Package hyperref Info: Hyper figures OFF on input line 4509.
Package hyperref Info: Link nesting OFF on input line 4514.
Package hyperref Info: Hyper index ON on input line 4517.
Package hyperref Info: Plain pages OFF on input line 4524.
Package hyperref Info: Backreferencing OFF on input line 4529.
Package hyperref Info: Implicit mode ON; LaTeX internals redefined.
Package hyperref Info: Bookmarks ON on input line 4762.
\c@Hy@tempcnt=\count128
 (/usr/local/texlive/2018/texmf-dist/tex/latex/url/url.sty
\Urlmuskip=\muskip10
Package: url 2013/09/16  ver 3.4  Verb mode for urls, etc.
)
LaTeX Info: Redefining \url on input line 5115.
\XeTeXLinkMargin=\dimen150
\Fld@menulength=\count129
\Field@Width=\dimen151
\Fld@charsize=\dimen152
Package hyperref Info: Hyper figures OFF on input line 6369.
Package hyperref Info: Link nesting OFF on input line 6374.
Package hyperref Info: Hyper index ON on input line 6377.
Package hyperref Info: backreferencing OFF on input line 6384.
Package hyperref Info: Link coloring OFF on input line 6389.
Package hyperref Info: Link coloring with OCG OFF on input line 6394.
Package hyperref Info: PDF/A mode OFF on input line 6399.
LaTeX Info: Redefining \ref on input line 6439.
LaTeX Info: Redefining \pageref on input line 6443.
\Hy@abspage=\count130
\c@Item=\count131
\c@Hfootnote=\count132
)
Package hyperref Info: Driver (autodetected): hpdftex.
 (/usr/local/texlive/2018/texmf-dist/tex/latex/hyperref/hpdftex.def
File: hpdftex.def 2018/02/06 v6.86b Hyperref driver for pdfTeX
\Fld@listcount=\count133
\c@bookmark@seq@number=\count134
 (/usr/local/texlive/2018/texmf-dist/tex/latex/oberdiek/rerunfilecheck.sty
Package: rerunfilecheck 2016/05/16 v1.8 Rerun checks for auxiliary files (HO)
Package uniquecounter Info: New unique counter `rerunfilecheck' on input line 282.
)
\Hy@SectionHShift=\skip59
)
runsystem(which pygmentize && touch main.aex)...executed.

runsystem(rm main.aex)...executed.

 (/Users/victorsmits/Dropbox/ECAM/BAC3/Projet informatique/Projet_KitBox/Rapport/.texpadtmp/main.aux)
\openout1 = `main.aux'.

LaTeX Font Info:    Checking defaults for OML/cmm/m/it on input line 43.
LaTeX Font Info:    ... okay on input line 43.
LaTeX Font Info:    Checking defaults for T1/cmr/m/n on input line 43.
LaTeX Font Info:    ... okay on input line 43.
LaTeX Font Info:    Checking defaults for OT1/cmr/m/n on input line 43.
LaTeX Font Info:    ... okay on input line 43.
LaTeX Font Info:    Checking defaults for OMS/cmsy/m/n on input line 43.
LaTeX Font Info:    ... okay on input line 43.
LaTeX Font Info:    Checking defaults for OMX/cmex/m/n on input line 43.
LaTeX Font Info:    ... okay on input line 43.
LaTeX Font Info:    Checking defaults for U/cmr/m/n on input line 43.
LaTeX Font Info:    ... okay on input line 43.
LaTeX Font Info:    Checking defaults for TS1/cmr/m/n on input line 43.
LaTeX Font Info:    Try loading font information for TS1+cmr on input line 43.
 (/usr/local/texlive/2018/texmf-dist/tex/latex/base/ts1cmr.fd
File: ts1cmr.fd 2014/09/29 v2.5h Standard LaTeX font definitions
)
LaTeX Font Info:    ... okay on input line 43.
LaTeX Font Info:    Checking defaults for PD1/pdf/m/n on input line 43.
LaTeX Font Info:    ... okay on input line 43.
 (/usr/local/texlive/2018/texmf-dist/tex/context/base/mkii/supp-pdf.mkii
[Loading MPS to PDF converter (version 2006.09.02).]
\scratchcounter=\count135
\scratchdimen=\dimen153
\scratchbox=\box39
\nofMPsegments=\count136
\nofMParguments=\count137
\everyMPshowfont=\toks25
\MPscratchCnt=\count138
\MPscratchDim=\dimen154
\MPnumerator=\count139
\makeMPintoPDFobject=\count140
\everyMPtoPDFconversion=\toks26
) (/usr/local/texlive/2018/texmf-dist/tex/latex/oberdiek/epstopdf-base.sty
Package: epstopdf-base 2016/05/15 v2.6 Base part for package epstopdf
 (/usr/local/texlive/2018/texmf-dist/tex/latex/oberdiek/grfext.sty
Package: grfext 2016/05/16 v1.2 Manage graphics extensions (HO)
)
Package epstopdf-base Info: Redefining graphics rule for `.eps' on input line 438.
Package grfext Info: Graphics extension search list:
(grfext)             [.pdf,.png,.jpg,.mps,.jpeg,.jbig2,.jb2,.PDF,.PNG,.JPG,.JPEG,.JBIG2,.JB2,.eps]
(grfext)             \AppendGraphicsExtensions on input line 456.
 (/usr/local/texlive/2018/texmf-dist/tex/latex/latexconfig/epstopdf-sys.cfg
File: epstopdf-sys.cfg 2010/07/13 v1.3 Configuration of (r)epstopdf for TeX Live
))
\AtBeginShipoutBox=\box40
Package hyperref Info: Link coloring OFF on input line 43.
 (/usr/local/texlive/2018/texmf-dist/tex/latex/hyperref/nameref.sty
Package: nameref 2016/05/21 v2.44 Cross-referencing by name of section
 (/usr/local/texlive/2018/texmf-dist/tex/generic/oberdiek/gettitlestring.sty
Package: gettitlestring 2016/05/16 v1.5 Cleanup title references (HO)
)
\c@section@level=\count141
)
LaTeX Info: Redefining \ref on input line 43.
LaTeX Info: Redefining \pageref on input line 43.
LaTeX Info: Redefining \nameref on input line 43.
 (/Users/victorsmits/Dropbox/ECAM/BAC3/Projet informatique/Projet_KitBox/Rapport/.texpadtmp/main.out) (/Users/victorsmits/Dropbox/ECAM/BAC3/Projet informatique/Projet_KitBox/Rapport/.texpadtmp/main.out)
\@outlinefile=\write6
\openout6 = `main.out'.

<Figures/LogoEcam.png, id=184, 262.9825pt x 193.72375pt>
File: Figures/LogoEcam.png Graphic file (type png)
<use Figures/LogoEcam.png>
Package pdftex.def Info: Figures/LogoEcam.png  used on input line 83.
(pdftex.def)             Requested size: 113.81102pt x 83.83757pt.
 [1

{/usr/local/texlive/2018/texmf-var/fonts/map/pdftex/updmap/pdftex.map} <./Figures/LogoEcam.png>] (/Users/victorsmits/Dropbox/ECAM/BAC3/Projet informatique/Projet_KitBox/Rapport/.texpadtmp/main.toc
LaTeX Font Info:    External font `cmex10' loaded for size
(Font)              <12> on input line 3.
LaTeX Font Info:    External font `cmex10' loaded for size
(Font)              <8> on input line 3.
LaTeX Font Info:    External font `cmex10' loaded for size
(Font)              <6> on input line 3.
pdfTeX warning (ext4): destination with the same identifier (name{page.1}) has been already used, duplicate ignored
<to be read again> 
                   \relax 
l.107 ...art page with mail}{40}{subsection.2.3.8}
                                                   [1

])
\tf@toc=\write7
\openout7 = `main.toc'.

 [2]
Chapter 1.
[3

] [4] [5] [6] [7]
<Figures/composite.png, id=298, 311.1625pt x 190.7125pt>
File: Figures/composite.png Graphic file (type png)
<use Figures/composite.png>
Package pdftex.def Info: Figures/composite.png  used on input line 236.
(pdftex.def)             Requested size: 212.35025pt x 130.15129pt.
<Figures/CartClass.png, id=301, 949.5475pt x 844.15375pt>
File: Figures/CartClass.png Graphic file (type png)
<use Figures/CartClass.png>
Package pdftex.def Info: Figures/CartClass.png  used on input line 253.
(pdftex.def)             Requested size: 169.87761pt x 151.0137pt.


LaTeX Warning: `!h' float specifier changed to `!ht'.

[8 <./Figures/composite.png>]
<Figures/CabinetClass.png, id=315, 2440.11626pt x 843.15pt>
File: Figures/CabinetClass.png Graphic file (type png)
<use Figures/CabinetClass.png>
Package pdftex.def Info: Figures/CabinetClass.png  used on input line 269.
(pdftex.def)             Requested size: 276.05273pt x 95.38419pt.
 [9 <./Figures/CartClass.png> <./Figures/CabinetClass.png>]
<Figures/EntityRelation.png, id=328, 452.4102pt x 201.3924pt>
File: Figures/EntityRelation.png Graphic file (type png)
<use Figures/EntityRelation.png>
Package pdftex.def Info: Figures/EntityRelation.png  used on input line 283.
(pdftex.def)             Requested size: 424.70052pt x 189.05687pt.
 [10 <./Figures/EntityRelation.png>] [11]
<Figures/navigationBar.PNG, id=350, 192.11775pt x 481.19775pt>
File: Figures/navigationBar.PNG Graphic file (type png)
<use Figures/navigationBar.PNG>
Package pdftex.def Info: Figures/navigationBar.PNG  used on input line 334.
(pdftex.def)             Requested size: 106.17513pt x 265.93716pt.
 [12 <./Figures/navigationBar.PNG>]
<Figures/CommonBoxFeatures.PNG, id=361, 168.32887pt x 96.66112pt>
File: Figures/CommonBoxFeatures.PNG Graphic file (type png)
<use Figures/CommonBoxFeatures.PNG>
Package pdftex.def Info: Figures/CommonBoxFeatures.PNG  used on input line 367.
(pdftex.def)             Requested size: 169.87761pt x 97.55025pt.
<Figures/CreationTabPages.PNG, id=363, 351.11176pt x 209.28188pt>
File: Figures/CreationTabPages.PNG Graphic file (type png)
<use Figures/CreationTabPages.PNG>
Package pdftex.def Info: Figures/CreationTabPages.PNG  used on input line 377.
(pdftex.def)             Requested size: 297.28906pt x 177.20703pt.
 [13 <./Figures/CommonBoxFeatures.PNG> <./Figures/CreationTabPages.PNG>] (./Code2-LoadDataBoxHeight.tex
\openout3 = `main.pyg'.

 (./.texpadtmp/_minted-main/default-pyg-prefix.pygstyle) (./.texpadtmp/_minted-main/manni.pygstyle) (./.texpadtmp/_minted-main/18D95AA4648F745B32F9AB4D14E2DE479B53FF8D2EFD3C4396FC48A192CB7B29.pygtex
LaTeX Font Info:    Try loading font information for T1+cmtt on input line 1.
 (/usr/local/texlive/2018/texmf-dist/tex/latex/base/t1cmtt.fd
File: t1cmtt.fd 2014/09/29 v2.5h Standard LaTeX font definitions
)
LaTeX Font Info:    Font shape `T1/cmtt/bx/n' in size <10> not available
(Font)              Font shape `T1/cmtt/m/n' tried instead on input line 3.
LaTeX Font Info:    Try loading font information for TS1+cmtt on input line 15.
 (/usr/local/texlive/2018/texmf-dist/tex/latex/base/ts1cmtt.fd
File: ts1cmtt.fd 2014/09/29 v2.5h Standard LaTeX font definitions
))) [14] (./Code1-LoadDataGeneral.tex
\openout3 = `main.pyg'.

 (./.texpadtmp/_minted-main/DF390E032CD7718860F427FBDC6C34AC9B53FF8D2EFD3C4396FC48A192CB7B29.pygtex)) [15] (./Code3-AddColorOrDoor.tex
\openout3 = `main.pyg'.

 (./.texpadtmp/_minted-main/D846F710DCF83C0D7AB8FA2743F534259B53FF8D2EFD3C4396FC48A192CB7B29.pygtex))
<Figures/CreationScratchHeight.PNG, id=399, 689.57625pt x 498.06075pt>
File: Figures/CreationScratchHeight.PNG Graphic file (type png)
<use Figures/CreationScratchHeight.PNG>
Package pdftex.def Info: Figures/CreationScratchHeight.PNG  used on input line 423.
(pdftex.def)             Requested size: 424.70052pt x 306.75012pt.


LaTeX Warning: `!h' float specifier changed to `!ht'.

[16]
<Figures/CreationScratchLoading.PNG, id=408, 695.89987pt x 505.58888pt>
File: Figures/CreationScratchLoading.PNG Graphic file (type png)
<use Figures/CreationScratchLoading.PNG>
Package pdftex.def Info: Figures/CreationScratchLoading.PNG  used on input line 450.
(pdftex.def)             Requested size: 424.70052pt x 308.56306pt.
 [17 <./Figures/CreationScratchHeight.PNG>] [18 <./Figures/CreationScratchLoading.PNG>]
<Figures/boxHeight.PNG, id=422, 317.08463pt x 89.133pt>
File: Figures/boxHeight.PNG Graphic file (type png)
<use Figures/boxHeight.PNG>
Package pdftex.def Info: Figures/boxHeight.PNG  used on input line 464.
(pdftex.def)             Requested size: 297.28906pt x 83.57285pt.
 [19 <./Figures/boxHeight.PNG>]
<Figures/boxOne.PNG, id=439, 317.68687pt x 52.998pt>
File: Figures/boxOne.PNG Graphic file (type png)
<use Figures/boxOne.PNG>
Package pdftex.def Info: Figures/boxOne.PNG  used on input line 484.
(pdftex.def)             Requested size: 297.28906pt x 49.59976pt.
<Figures/boxMultiple.PNG, id=440, 343.58362pt x 198.14024pt>
File: Figures/boxMultiple.PNG Graphic file (type png)
<use Figures/boxMultiple.PNG>
Package pdftex.def Info: Figures/boxMultiple.PNG  used on input line 492.
(pdftex.def)             Requested size: 297.28906pt x 171.45242pt.
 [20 <./Figures/boxOne.PNG> <./Figures/boxMultiple.PNG>]
<Figures/AvailableLabel.PNG, id=449, 392.96812pt x 127.22531pt>
File: Figures/AvailableLabel.PNG Graphic file (type png)
<use Figures/AvailableLabel.PNG>
Package pdftex.def Info: Figures/AvailableLabel.PNG  used on input line 513.
(pdftex.def)             Requested size: 275.07579pt x 89.0571pt.
<Figures/ShortageMessage.PNG, id=452, 374.90062pt x 162.6075pt>
File: Figures/ShortageMessage.PNG Graphic file (type png)
<use Figures/ShortageMessage.PNG>
Package pdftex.def Info: Figures/ShortageMessage.PNG  used on input line 523.
(pdftex.def)             Requested size: 262.42863pt x 113.82446pt.
<Figures/UnavailibilityLabel.PNG, id=453, 321.45094pt x 125.71968pt>
File: Figures/UnavailibilityLabel.PNG Graphic file (type png)
<use Figures/UnavailibilityLabel.PNG>
Package pdftex.def Info: Figures/UnavailibilityLabel.PNG  used on input line 530.
(pdftex.def)             Requested size: 225.01411pt x 88.00316pt.
 [21 <./Figures/AvailableLabel.PNG> <./Figures/ShortageMessage.PNG> <./Figures/UnavailibilityLabel.PNG>]
<Figures/DeleteButton.PNG, id=471, 143.78719pt x 116.68594pt>
File: Figures/DeleteButton.PNG Graphic file (type png)
<use Figures/DeleteButton.PNG>
Package pdftex.def Info: Figures/DeleteButton.PNG  used on input line 544.
(pdftex.def)             Requested size: 71.89342pt x 58.34282pt.
 [22 <./Figures/DeleteButton.PNG>] [23] [24] (./Appendix.tex [25]
Chapter 2.
[26

] [27]
<Figures/ActivityDiagram.png, id=529, 2497.33pt x 3534.20375pt>
File: Figures/ActivityDiagram.png Graphic file (type png)
<use Figures/ActivityDiagram.png>
Package pdftex.def Info: Figures/ActivityDiagram.png  used on input line 78.
(pdftex.def)             Requested size: 339.7617pt x 480.81793pt.
 [28 <./Figures/ActivityDiagram.png>]
<Figures/ActivityStandardDiagram.png, id=535, 3477.99374pt x 1209.51875pt>
File: Figures/ActivityStandardDiagram.png Graphic file (type png)
<use Figures/ActivityStandardDiagram.png>
Package pdftex.def Info: Figures/ActivityStandardDiagram.png  used on input line 90.
(pdftex.def)             Requested size: 3477.9853pt x 1209.51581pt.
 [29 <./Figures/ActivityStandardDiagram.png>]
<Figures/ActivityCabinetDiagram.png, id=541, 4243.855pt x 1620.0525pt>
File: Figures/ActivityCabinetDiagram.png Graphic file (type png)
<use Figures/ActivityCabinetDiagram.png>
Package pdftex.def Info: Figures/ActivityCabinetDiagram.png  used on input line 102.
(pdftex.def)             Requested size: 4243.8447pt x 1620.04857pt.
 [30 <./Figures/ActivityCabinetDiagram.png>]
<Figures/UseCaseDiagram.png, id=548, 2593.69pt x 2473.24pt>
File: Figures/UseCaseDiagram.png Graphic file (type png)
<use Figures/UseCaseDiagram.png>
Package pdftex.def Info: Figures/UseCaseDiagram.png  used on input line 114.
(pdftex.def)             Requested size: 424.70052pt x 404.97244pt.
 [31 <./Figures/UseCaseDiagram.png>]
<Figures/ClassDiagram-1.png, id=554, 4379.36125pt x 1693.32625pt>
File: Figures/ClassDiagram-1.png Graphic file (type png)
<use Figures/ClassDiagram-1.png>
Package pdftex.def Info: Figures/ClassDiagram-1.png  used on input line 125.
(pdftex.def)             Requested size: 552.11195pt x 213.47392pt.
 [32 <./Figures/ClassDiagram-1.png>]
<Figures/ClassDiagram-2.png, id=560, 4174.59625pt x 1749.53625pt>
File: Figures/ClassDiagram-2.png Graphic file (type png)
<use Figures/ClassDiagram-2.png>
Package pdftex.def Info: Figures/ClassDiagram-2.png  used on input line 136.
(pdftex.def)             Requested size: 552.11195pt x 231.37196pt.
 [33 <./Figures/ClassDiagram-2.png>]
<Figures/Homepage.PNG, id=567, 1101.51524pt x 633.567pt>
File: Figures/Homepage.PNG Graphic file (type png)
<use Figures/Homepage.PNG>
Package pdftex.def Info: Figures/Homepage.PNG  used on input line 150.
(pdftex.def)             Requested size: 509.63931pt x 293.13615pt.
 [34 <./Figures/Homepage.PNG>]
<Figures/creationWelcome.PNG, id=575, 1100.00963pt x 632.3625pt>
File: Figures/creationWelcome.PNG Graphic file (type png)
<use Figures/creationWelcome.PNG>
Package pdftex.def Info: Figures/creationWelcome.PNG  used on input line 162.
(pdftex.def)             Requested size: 509.63931pt x 292.97447pt.
 [35 <./Figures/creationWelcome.PNG>]
<Figures/CreationScratch.PNG, id=582, 1101.21413pt x 632.96475pt>
File: Figures/CreationScratch.PNG Graphic file (type png)
<use Figures/CreationScratch.PNG>
Package pdftex.def Info: Figures/CreationScratch.PNG  used on input line 174.
(pdftex.def)             Requested size: 509.63931pt x 292.93477pt.
 [36 <./Figures/CreationScratch.PNG>]
<Figures/CreationScratchFilled.PNG, id=590, 1100.00963pt x 632.96475pt>
File: Figures/CreationScratchFilled.PNG Graphic file (type png)
<use Figures/CreationScratchFilled.PNG>
Package pdftex.def Info: Figures/CreationScratchFilled.PNG  used on input line 186.
(pdftex.def)             Requested size: 509.63931pt x 293.2535pt.
 [37 <./Figures/CreationScratchFilled.PNG>]
<Figures/CreationStandard.PNG, id=597, 1100.00963pt x 632.96475pt>
File: Figures/CreationStandard.PNG Graphic file (type png)
<use Figures/CreationStandard.PNG>
Package pdftex.def Info: Figures/CreationStandard.PNG  used on input line 198.
(pdftex.def)             Requested size: 543.92737pt x 312.9803pt.
 [38 <./Figures/CreationStandard.PNG>]
<Figures/CreationStandardFilled.PNG, id=604, 1100.31075pt x 633.567pt>
File: Figures/CreationStandardFilled.PNG Graphic file (type png)
<use Figures/CreationStandardFilled.PNG>
Package pdftex.def Info: Figures/CreationStandardFilled.PNG  used on input line 210.
(pdftex.def)             Requested size: 543.53902pt x 312.9803pt.
 [39 <./Figures/CreationStandardFilled.PNG>]
<Figures/CartPage.PNG, id=611, 1100.61188pt x 632.06137pt>
File: Figures/CartPage.PNG Graphic file (type png)
<use Figures/CartPage.PNG>
Package pdftex.def Info: Figures/CartPage.PNG  used on input line 222.
(pdftex.def)             Requested size: 509.63931pt x 292.68065pt.
 [40 <./Figures/CartPage.PNG>]
<Figures/CartPageMail.PNG, id=617, 1100.61188pt x 632.06137pt>
File: Figures/CartPageMail.PNG Graphic file (type png)
<use Figures/CartPageMail.PNG>
Package pdftex.def Info: Figures/CartPageMail.PNG  used on input line 234.
(pdftex.def)             Requested size: 509.63931pt x 292.68065pt.
 [41 <./Figures/CartPageMail.PNG>]
<Figures/AboutUs.PNG, id=623, 1100.61188pt x 632.66362pt>
File: Figures/AboutUs.PNG Graphic file (type png)
<use Figures/AboutUs.PNG>
Package pdftex.def Info: Figures/AboutUs.PNG  used on input line 246.
(pdftex.def)             Requested size: 509.63931pt x 292.95953pt.
 [42 <./Figures/AboutUs.PNG>]
<Figures/StockManagerTab.png, id=630, 452.4102pt x 156.585pt>
File: Figures/StockManagerTab.png Graphic file (type png)
<use Figures/StockManagerTab.png>
Package pdftex.def Info: Figures/StockManagerTab.png  used on input line 260.
(pdftex.def)             Requested size: 509.63931pt x 176.39183pt.
 [43 <./Figures/StockManagerTab.png>]
<Figures/SupplierTab.png, id=636, 452.4102pt x 244.7544pt>
File: Figures/SupplierTab.png Graphic file (type png)
<use Figures/SupplierTab.png>
Package pdftex.def Info: Figures/SupplierTab.png  used on input line 272.
(pdftex.def)             Requested size: 509.63931pt x 275.71399pt.
 [44 <./Figures/SupplierTab.png>]
<Figures/OrderTab.png, id=642, 452.4102pt x 171.5208pt>
File: Figures/OrderTab.png Graphic file (type png)
<use Figures/OrderTab.png>
Package pdftex.def Info: Figures/OrderTab.png  used on input line 284.
(pdftex.def)             Requested size: 509.63931pt x 193.21689pt.
 [45 <./Figures/OrderTab.png>]
<Figures/ClientTab.png, id=648, 420.1296pt x 281.853pt>
File: Figures/ClientTab.png Graphic file (type png)
<use Figures/ClientTab.png>
Package pdftex.def Info: Figures/ClientTab.png  used on input line 296.
(pdftex.def)             Requested size: 509.63931pt x 341.90332pt.
)
Package atveryend Info: Empty hook `BeforeClearDocument' on input line 614.
 [46 <./Figures/ClientTab.png>]
Package atveryend Info: Empty hook `AfterLastShipout' on input line 614.
 (/Users/victorsmits/Dropbox/ECAM/BAC3/Projet informatique/Projet_KitBox/Rapport/.texpadtmp/main.aux)
Package atveryend Info: Executing hook `AtVeryEndDocument' on input line 614.
Package atveryend Info: Executing hook `AtEndAfterFileList' on input line 614.
Package rerunfilecheck Info: File `main.out' has not changed.
(rerunfilecheck)             Checksum: 5F90F75B6BBC33BF5FDA770BBF1C4270;685.


LaTeX Warning: Label(s) may have changed. Rerun to get cross-references right.

runsystem(rm .texpadtmp//main.pyg)...executed.

 ) 
Here is how much of TeX's memory you used:
 11750 strings out of 492649
 192245 string characters out of 6129622
 334471 words of memory out of 5000000
 15141 multiletter control sequences out of 15000+600000
 16017 words of font info for 38 fonts, out of 8000000 for 9000
 1141 hyphenation exceptions out of 8191
 39i,12n,51p,837b,575s stack positions out of 5000i,500n,10000p,200000b,80000s
{/usr/local/texlive/2018/texmf-dist/fonts/enc/dvips/cm-super/cm-super-ts1.enc}{/usr/local/texlive/2018/texmf-dist/fonts/enc/dvips/cm-super/cm-super-t1.enc}</usr/local/texlive/2018/texmf-dist/fonts/type1/public/cm-super/sfbx1200.pfb></usr/local/texlive/2018/texmf-dist/fonts/type1/public/cm-super/sfbx1440.pfb></usr/local/texlive/2018/texmf-dist/fonts/type1/public/cm-super/sfbx1728.pfb></usr/local/texlive/2018/texmf-dist/fonts/type1/public/cm-super/sfit1000.pfb></usr/local/texlive/2018/texmf-dist/fonts/type1/public/cm-super/sfrm0600.pfb></usr/local/texlive/2018/texmf-dist/fonts/type1/public/cm-super/sfrm1000.pfb></usr/local/texlive/2018/texmf-dist/fonts/type1/public/cm-super/sfrm1095.pfb></usr/local/texlive/2018/texmf-dist/fonts/type1/public/cm-super/sfrm1200.pfb></usr/local/texlive/2018/texmf-dist/fonts/type1/public/cm-super/sfrm1440.pfb></usr/local/texlive/2018/texmf-dist/fonts/type1/public/cm-super/sfrm3583.pfb></usr/local/texlive/2018/texmf-dist/fonts/type1/public/cm-super/sfti1200.pfb></usr/local/texlive/2018/texmf-dist/fonts/type1/public/cm-super/sftt1000.pfb>
Output written on "/Users/victorsmits/Dropbox/ECAM/BAC3/Projet informatique/Projet_KitBox/Rapport/.texpadtmp/main.pdf" (47 pages, 10679250 bytes).
PDF statistics:
 743 PDF objects out of 1000 (max. 8388607)
 603 compressed objects within 7 object streams
 198 named destinations out of 1000 (max. 500000)
 541 words of extra memory for PDF output out of 10000 (max. 10000000)

