\BOOKMARK [0][-]{chapter.1}{Kitbox Sales Interface}{}% 1
\BOOKMARK [1][-]{section.1.1}{Introduction}{chapter.1}% 2
\BOOKMARK [1][-]{section.1.2}{Needs Analysis}{chapter.1}% 3
\BOOKMARK [1][-]{section.1.3}{Diagrams}{chapter.1}% 4
\BOOKMARK [2][-]{subsection.1.3.1}{Activity}{section.1.3}% 5
\BOOKMARK [2][-]{subsection.1.3.2}{Use case}{section.1.3}% 6
\BOOKMARK [2][-]{subsection.1.3.3}{Class diagram}{section.1.3}% 7
\BOOKMARK [2][-]{subsection.1.3.4}{Entity - relation}{section.1.3}% 8
\BOOKMARK [1][-]{section.1.4}{User Interface}{chapter.1}% 9
\BOOKMARK [2][-]{subsection.1.4.1}{Dashboard and homepage}{section.1.4}% 10
\BOOKMARK [2][-]{subsection.1.4.2}{Creation}{section.1.4}% 11
\BOOKMARK [2][-]{subsection.1.4.3}{Cart page}{section.1.4}% 12
\BOOKMARK [2][-]{subsection.1.4.4}{About Us}{section.1.4}% 13
\BOOKMARK [1][-]{section.1.5}{Storekeeper interface}{chapter.1}% 14
\BOOKMARK [2][-]{subsection.1.5.1}{Stock manager tab}{section.1.5}% 15
\BOOKMARK [2][-]{subsection.1.5.2}{New product or supplier tab}{section.1.5}% 16
\BOOKMARK [2][-]{subsection.1.5.3}{Order tab}{section.1.5}% 17
\BOOKMARK [2][-]{subsection.1.5.4}{Client tab}{section.1.5}% 18
\BOOKMARK [1][-]{section.1.6}{Conclusion}{chapter.1}% 19
\BOOKMARK [0][-]{chapter.2}{Appendix}{}% 20
\BOOKMARK [1][-]{section.2.1}{Glossary}{chapter.2}% 21
\BOOKMARK [2][-]{subsection.2.1.1}{French}{section.2.1}% 22
\BOOKMARK [2][-]{subsection.2.1.2}{English}{section.2.1}% 23
\BOOKMARK [1][-]{section.2.2}{Diagrams}{chapter.2}% 24
\BOOKMARK [2][-]{subsection.2.2.1}{Activity Diagram}{section.2.2}% 25
\BOOKMARK [2][-]{subsection.2.2.2}{Activity Standard Dimension Diagram}{section.2.2}% 26
\BOOKMARK [2][-]{subsection.2.2.3}{Activity Cabinet Creation Diagram}{section.2.2}% 27
\BOOKMARK [2][-]{subsection.2.2.4}{Use Case Diagram}{section.2.2}% 28
\BOOKMARK [2][-]{subsection.2.2.5}{Class Diagram}{section.2.2}% 29
\BOOKMARK [2][-]{subsection.2.2.6}{Class Diagram \205 2}{section.2.2}% 30
\BOOKMARK [1][-]{section.2.3}{User Interface}{chapter.2}% 31
\BOOKMARK [2][-]{subsection.2.3.1}{Homepage}{section.2.3}% 32
\BOOKMARK [2][-]{subsection.2.3.2}{Creation welcoming page}{section.2.3}% 33
\BOOKMARK [2][-]{subsection.2.3.3}{Creation from Scratch}{section.2.3}% 34
\BOOKMARK [2][-]{subsection.2.3.4}{Creation from Scratch filled}{section.2.3}% 35
\BOOKMARK [2][-]{subsection.2.3.5}{Creation from standard dimensions}{section.2.3}% 36
\BOOKMARK [2][-]{subsection.2.3.6}{Creation from standard dimensions filled}{section.2.3}% 37
\BOOKMARK [2][-]{subsection.2.3.7}{Cart page}{section.2.3}% 38
\BOOKMARK [2][-]{subsection.2.3.8}{Cart page with mail}{section.2.3}% 39
\BOOKMARK [2][-]{subsection.2.3.9}{About Us page}{section.2.3}% 40
\BOOKMARK [1][-]{section.2.4}{Storekeeper Interface}{chapter.2}% 41
\BOOKMARK [2][-]{subsection.2.4.1}{Stock Manager Tab Interface}{section.2.4}% 42
\BOOKMARK [2][-]{subsection.2.4.2}{New Product or Supplier Tab Interface}{section.2.4}% 43
\BOOKMARK [2][-]{subsection.2.4.3}{Order Tab Interface}{section.2.4}% 44
\BOOKMARK [2][-]{subsection.2.4.4}{Client Tab Interface}{section.2.4}% 45
